<?xml version="1.0" encoding="UTF-8"?>
<!-- Generated by org.testng.reporters.JUnitReportReporter -->
<testsuite skipped="0" hostname="THSLT10073" name="demo.java.datadriven.Logindemo" tests="1" failures="0" timestamp="2020-09-19T12:33:22 IST" time="12.568" errors="0">
  <testcase name="loginwithBothCorrect" time="12.568" classname="demo.java.datadriven.Logindemo"/>
  <system-out/>
</testsuite> <!-- demo.java.datadriven.Logindemo -->
