<?xml version="1.0" encoding="UTF-8"?>
<!-- Generated by org.testng.reporters.JUnitReportReporter -->
<testsuite skipped="0" hostname="THSLT10073" name="demo.java.datadriven.xml.InvalidPassword" tests="1" failures="0" timestamp="2020-09-19T14:02:37 IST" time="10.128" errors="0">
  <testcase name="loginwithInvalidPassword" time="10.128" classname="demo.java.datadriven.xml.InvalidPassword"/>
  <system-out/>
</testsuite> <!-- demo.java.datadriven.xml.InvalidPassword -->
