<?xml version="1.0" encoding="UTF-8"?>
<!-- Generated by org.testng.reporters.JUnitReportReporter -->
<testsuite skipped="0" hostname="THSLT10073" name="demo.java.datadriven.InvalidUsername" tests="1" failures="0" timestamp="2020-09-19T12:33:22 IST" time="10.841" errors="0">
  <testcase name="loginwithInvalidUsername" time="10.841" classname="demo.java.datadriven.InvalidUsername"/>
  <system-out/>
</testsuite> <!-- demo.java.datadriven.InvalidUsername -->
