<?xml version="1.0" encoding="UTF-8"?>
<!-- Generated by org.testng.reporters.JUnitReportReporter -->
<testsuite skipped="0" hostname="THSLT10073" name="demo.java.datadriven.xml.Bothinvalid" tests="1" failures="0" timestamp="2020-09-19T15:53:00 IST" time="12.656" errors="0">
  <testcase name="loginwithInvalidcredentials" time="12.656" classname="demo.java.datadriven.xml.Bothinvalid"/>
  <system-out/>
</testsuite> <!-- demo.java.datadriven.xml.Bothinvalid -->
