<?xml version="1.0" encoding="UTF-8"?>
<!-- Generated by org.testng.reporters.JUnitReportReporter -->
<testsuite skipped="0" hostname="THSLT10073" name="demo.java.datadriven.xml.InvalidUsername" tests="1" failures="0" timestamp="2020-09-19T15:53:00 IST" time="10.300" errors="0">
  <testcase name="loginwithInvalidUsername" time="10.300" classname="demo.java.datadriven.xml.InvalidUsername"/>
  <system-out/>
</testsuite> <!-- demo.java.datadriven.xml.InvalidUsername -->
