<?xml version="1.0" encoding="UTF-8"?>
<!-- Generated by org.testng.reporters.JUnitReportReporter -->
<testsuite skipped="0" hostname="THSLT10073" name="demo.java.datadriven.xml.Login" tests="1" failures="0" timestamp="2020-09-19T14:02:37 IST" time="16.972" errors="0">
  <testcase name="loginwithBothCorrect" time="16.972" classname="demo.java.datadriven.xml.Login"/>
  <system-out/>
</testsuite> <!-- demo.java.datadriven.xml.Login -->
