<?xml version="1.0" encoding="UTF-8"?>
<!-- Generated by org.testng.reporters.JUnitReportReporter -->
<testsuite skipped="0" hostname="THSLT10073" name="demo.java.datadriven.BothInvalid" tests="1" failures="0" timestamp="2020-09-19T12:33:22 IST" time="9.198" errors="0">
  <testcase name="loginwithInvalidcredentials" time="9.198" classname="demo.java.datadriven.BothInvalid"/>
  <system-out/>
</testsuite> <!-- demo.java.datadriven.BothInvalid -->
