<?xml version="1.0" encoding="UTF-8"?>
<!-- Generated by org.testng.reporters.JUnitReportReporter -->
<testsuite skipped="0" hostname="THSLT10073" name="demo.java.datadriven.dataprovider.Login" tests="4" failures="0" timestamp="2020-09-19T18:01:43 IST" time="43.707" errors="0">
  <testcase name="loginwithInvalidcredentials" time="10.568" classname="demo.java.datadriven.dataprovider.Login"/>
  <system-out/>
  <testcase name="loginwithInvalidcredentials" time="10.159" classname="demo.java.datadriven.dataprovider.Login"/>
  <system-out/>
  <testcase name="loginwithInvalidcredentials" time="10.479" classname="demo.java.datadriven.dataprovider.Login"/>
  <system-out/>
  <testcase name="loginwithInvalidcredentials" time="12.501" classname="demo.java.datadriven.dataprovider.Login"/>
  <system-out/>
</testsuite> <!-- demo.java.datadriven.dataprovider.Login -->
