<?xml version="1.0" encoding="UTF-8"?>
<!-- Generated by org.testng.reporters.JUnitReportReporter -->
<testsuite skipped="0" hostname="THSLT10073" name="demo.java.datadriven.xml.parameter.Login" tests="1" failures="0" timestamp="2020-09-19T16:08:38 IST" time="14.270" errors="0">
  <testcase name="loginwithBothCorrect" time="14.270" classname="demo.java.datadriven.xml.parameter.Login"/>
  <system-out/>
</testsuite> <!-- demo.java.datadriven.xml.parameter.Login -->
