<?xml version="1.0" encoding="UTF-8"?>
<!-- Generated by org.testng.reporters.JUnitReportReporter -->
<testsuite skipped="0" hostname="THSLT10073" name="demo.java.datadriven.xml.parameter.Bothinvalid" tests="1" failures="0" timestamp="2020-09-19T16:08:38 IST" time="12.558" errors="0">
  <testcase name="loginwithInvalidcredentials" time="12.558" classname="demo.java.datadriven.xml.parameter.Bothinvalid"/>
  <system-out/>
</testsuite> <!-- demo.java.datadriven.xml.parameter.Bothinvalid -->
