<?xml version="1.0" encoding="UTF-8"?>
<!-- Generated by org.testng.reporters.JUnitReportReporter -->
<testsuite skipped="0" hostname="THSLT10073" name="demo.java.datadriven.xml.parameter.InvalidPassword" tests="1" failures="0" timestamp="2020-09-19T16:08:38 IST" time="11.247" errors="0">
  <testcase name="loginwithInvalidPassword" time="11.247" classname="demo.java.datadriven.xml.parameter.InvalidPassword"/>
  <system-out/>
</testsuite> <!-- demo.java.datadriven.xml.parameter.InvalidPassword -->
